<?xml version="1.0" encoding="UTF-8"?>
<!-- Generated by org.testng.reporters.JUnitReportReporter -->
<testsuite hostname="Latitude-3400" name="pageobject.Adminpage" tests="1" failures="0" timestamp="1 Apr 2022 10:39:35 GMT" time="2.371" errors="0">
  <testcase name="Admin" time="2.371" classname="pageobject.Adminpage"/>
</testsuite> <!-- pageobject.Adminpage -->
